<?xml version="1.0" encoding="UTF-8"?>
<!-- Generated by org.testng.reporters.JUnitReportReporter -->
<testsuite hostname="DESKTOP-SEOOEQG" failures="0" tests="1" name="Elements_pagefactorial.Add_Task" time="11.152" errors="0" timestamp="2022-03-16T19:38:46 IST" skipped="0">
  <testcase classname="Elements_pagefactorial.Add_Task" name="testrun" time="11.152"/>
  <system-out/>
</testsuite> <!-- Elements_pagefactorial.Add_Task -->
