<?xml version="1.0" encoding="UTF-8"?>
<!-- Generated by org.testng.reporters.JUnitReportReporter -->
<testsuite hostname="DESKTOP-SEOOEQG" failures="0" tests="1" name="com.exp.qa.testcases.LoginPagetest" time="8.284" errors="0" timestamp="2022-06-17T12:58:09 IST" skipped="0">
  <testcase classname="com.exp.qa.testcases.LoginPagetest" name="genielogoTest" time="8.284"/>
  <system-out/>
</testsuite> <!-- com.exp.qa.testcases.LoginPagetest -->
