<?xml version="1.0" encoding="UTF-8"?>
<!-- Generated by org.testng.reporters.JUnitReportReporter -->
<testsuite hostname="DESKTOP-SEOOEQG" failures="0" tests="2" name="com.exp.qa.testcases.LoginPagetest" time="8.669" errors="0" timestamp="2022-06-22T12:24:24 IST" skipped="0">
  <testcase classname="com.exp.qa.testcases.LoginPagetest" name="genielogoTest" time="4.943"/>
  <system-out/>
  <testcase classname="com.exp.qa.testcases.LoginPagetest" name="LoginpageTitleTest" time="3.726"/>
  <system-out/>
</testsuite> <!-- com.exp.qa.testcases.LoginPagetest -->
